[debug] [2026-06-24T23:53:44.532Z] ----------------------------------------------------------------------
[debug] [2026-06-24T23:53:44.534Z] Command:       C:\Program Files\nodejs\node.exe C:\Users\Forest\AppData\Roaming\npm\node_modules\firebase-tools\lib\bin\firebase.js emulators:start --only functions
[debug] [2026-06-24T23:53:44.534Z] CLI Version:   15.22.1
[debug] [2026-06-24T23:53:44.534Z] Platform:      win32
[debug] [2026-06-24T23:53:44.534Z] Node Version:  v24.18.0
[debug] [2026-06-24T23:53:44.535Z] Detected Agent: antigravity
[debug] [2026-06-24T23:53:44.535Z] Time:          Wed Jun 24 2026 16:53:44 GMT-0700 (Pacific Daylight Time)
[debug] [2026-06-24T23:53:44.535Z] ----------------------------------------------------------------------
[debug] 
[error] !!  functions: Failed to start Functions emulator: codebase source must be specified. Must specify either 'source' or 'remoteSource' in a functions config. {"metadata":{"emulator":{"name":"functions"},"message":"Failed to start Functions emulator: codebase source must be specified. Must specify either 'source' or 'remoteSource' in a functions config."}}
[debug] [2026-06-24T23:53:45.402Z] > command requires scopes: ["email","openid","https://www.googleapis.com/auth/cloudplatformprojects.readonly","https://www.googleapis.com/auth/firebase","https://www.googleapis.com/auth/cloud-platform"]
[debug] [2026-06-24T23:53:45.402Z] > authorizing via signed-in user (forestneff@gmail.com)
[warn] !  Could not find config (firebase.json) so using defaults. 
[info] i  emulators: Starting emulators: functions {"metadata":{"emulator":{"name":"hub"},"message":"Starting emulators: functions"}}
[debug] [2026-06-24T23:53:45.410Z] [logging] Logging Emulator only supports listening on one address (127.0.0.1). Not listening on ::1
[debug] [2026-06-24T23:53:45.410Z] assigned listening specs for emulators {"user":{"hub":[{"address":"127.0.0.1","family":"IPv4","port":4400},{"address":"::1","family":"IPv6","port":4400}],"ui":[{"address":"127.0.0.1","family":"IPv4","port":4000},{"address":"::1","family":"IPv6","port":4000}],"logging":[{"address":"127.0.0.1","family":"IPv4","port":4500}]},"metadata":{"message":"assigned listening specs for emulators"}}
[debug] [2026-06-24T23:53:45.413Z] Found emulator hub locator: {"version":"15.22.1","origins":["http://127.0.0.1:4400","http://[::1]:4400"],"pid":3396}
[debug] [2026-06-24T23:53:45.414Z] Write emulator hub locator at C:\Users\Forest\AppData\Local\Temp\hub-mm-multi-map.json
[error] !!  functions: Failed to start Functions emulator: codebase source must be specified. Must specify either 'source' or 'remoteSource' in a functions config. {"metadata":{"emulator":{"name":"functions"},"message":"Failed to start Functions emulator: codebase source must be specified. Must specify either 'source' or 'remoteSource' in a functions config."}}
[debug] [2026-06-24T23:53:45.440Z] Could not find VSCode notification endpoint: FetchError: request to http://localhost:40001/vscode/notify failed, reason: . If you are not running the Firebase SQL Connect VSCode extension, this is expected and not an issue.
[info] 
┌─────────────────────────────────────────────────────────────┐
│ ✔  All emulators ready! It is now safe to connect your app. │
│ i  View Emulator UI at http://127.0.0.1:4000/               │
└─────────────────────────────────────────────────────────────┘

┌───────────┬──────────────────────────────────┬─────────────────────┐
│ Emulator  │ Host:Port                        │ View in Emulator UI │
├───────────┼──────────────────────────────────┼─────────────────────┤
│ Functions │ Failed to initialize (see above) │                     │
└───────────┴──────────────────────────────────┴─────────────────────┘
  Emulator Hub host: 127.0.0.1 port: 4400
  Other reserved ports: 4500

Issues? Report them at https://github.com/firebase/firebase-tools/issues and attach the *-debug.log files.
 
[debug] [2026-06-24T23:54:28.657Z] ----------------------------------------------------------------------
[debug] [2026-06-24T23:54:28.659Z] Command:       C:\Program Files\nodejs\node.exe C:\Users\Forest\AppData\Roaming\npm\node_modules\firebase-tools\lib\bin\firebase.js emulators:start --only functions
[debug] [2026-06-24T23:54:28.659Z] CLI Version:   15.22.1
[debug] [2026-06-24T23:54:28.659Z] Platform:      win32
[debug] [2026-06-24T23:54:28.659Z] Node Version:  v24.18.0
[debug] [2026-06-24T23:54:28.659Z] Detected Agent: antigravity
[debug] [2026-06-24T23:54:28.659Z] Time:          Wed Jun 24 2026 16:54:28 GMT-0700 (Pacific Daylight Time)
[debug] [2026-06-24T23:54:28.659Z] ----------------------------------------------------------------------
[debug] 
[error] !!  functions: Failed to start Functions emulator: codebase source must be specified. Must specify either 'source' or 'remoteSource' in a functions config. {"metadata":{"emulator":{"name":"functions"},"message":"Failed to start Functions emulator: codebase source must be specified. Must specify either 'source' or 'remoteSource' in a functions config."}}
[debug] [2026-06-24T23:54:29.483Z] > command requires scopes: ["email","openid","https://www.googleapis.com/auth/cloudplatformprojects.readonly","https://www.googleapis.com/auth/firebase","https://www.googleapis.com/auth/cloud-platform"]
[debug] [2026-06-24T23:54:29.483Z] > authorizing via signed-in user (forestneff@gmail.com)
[warn] !  Could not find config (firebase.json) so using defaults. 
[info] i  emulators: Starting emulators: functions {"metadata":{"emulator":{"name":"hub"},"message":"Starting emulators: functions"}}
[debug] [2026-06-24T23:54:29.490Z] [logging] Logging Emulator only supports listening on one address (127.0.0.1). Not listening on ::1
[debug] [2026-06-24T23:54:29.490Z] assigned listening specs for emulators {"user":{"hub":[{"address":"127.0.0.1","family":"IPv4","port":4400},{"address":"::1","family":"IPv6","port":4400}],"ui":[{"address":"127.0.0.1","family":"IPv4","port":4000},{"address":"::1","family":"IPv6","port":4000}],"logging":[{"address":"127.0.0.1","family":"IPv4","port":4500}]},"metadata":{"message":"assigned listening specs for emulators"}}
[debug] [2026-06-24T23:54:29.493Z] Found emulator hub locator: {"version":"15.22.1","origins":["http://127.0.0.1:4400","http://[::1]:4400"],"pid":9388}
[debug] [2026-06-24T23:54:29.494Z] Write emulator hub locator at C:\Users\Forest\AppData\Local\Temp\hub-mm-multi-map.json
[error] !!  functions: Failed to start Functions emulator: codebase source must be specified. Must specify either 'source' or 'remoteSource' in a functions config. {"metadata":{"emulator":{"name":"functions"},"message":"Failed to start Functions emulator: codebase source must be specified. Must specify either 'source' or 'remoteSource' in a functions config."}}
[debug] [2026-06-24T23:54:29.522Z] Could not find VSCode notification endpoint: FetchError: request to http://localhost:40001/vscode/notify failed, reason: . If you are not running the Firebase SQL Connect VSCode extension, this is expected and not an issue.
[info] 
┌─────────────────────────────────────────────────────────────┐
│ ✔  All emulators ready! It is now safe to connect your app. │
│ i  View Emulator UI at http://127.0.0.1:4000/               │
└─────────────────────────────────────────────────────────────┘

┌───────────┬──────────────────────────────────┬─────────────────────┐
│ Emulator  │ Host:Port                        │ View in Emulator UI │
├───────────┼──────────────────────────────────┼─────────────────────┤
│ Functions │ Failed to initialize (see above) │                     │
└───────────┴──────────────────────────────────┴─────────────────────┘
  Emulator Hub host: 127.0.0.1 port: 4400
  Other reserved ports: 4500

Issues? Report them at https://github.com/firebase/firebase-tools/issues and attach the *-debug.log files.
 
